begin niedoida
begin input
end input
timing: 0.00085s wall, 0.00000s user + 0.00000s system = 0.00000s CPU (n/a%)
memory: 0.570709 MB 

begin job info
job name: C_bigbasis
job title: untitled
basis set: aug-cc-pvqz
charge: 0
multiplicity: 1
theory: HF
run type: single point
length unit: bohr
energy unit: hartree
end job info
timing: 0.00006s wall, 0.00000s user + 0.00000s system = 0.00000s CPU (n/a%)
memory: 0.572052 MB 

begin parallelization info
number of processes: 1
total number of threads: 4
end parallelization info
timing: 0.00002s wall, 0.00000s user + 0.00000s system = 0.00000s CPU (n/a%)
memory: 0.572067 MB 

begin symmetry
group: Kh
rank: inf
finite_group: Ih
rank: 120
largest_abelian_subgroup: S10
rank: 10
end symmetry
timing: 0.18868s wall, 0.23000s user + 0.37000s system = 0.60000s CPU (318.0%)
memory: 0.935928 MB 

begin basis set
element: C
no_shells: 5
type: ssssss
exps: 13, 4
              1              2              3              4
 33980.00000000 5089.00000000 1157.00000000  326.60000000
              5              6              7              8
  106.10000000   38.11000000   14.75000000    6.03500000
              9             10             11             12
    2.53000000    0.73550000    0.29050000    0.11110000
             13
    0.04145000
coeffs: 6x13, 4
                 1             2             3             4
   1    0.00009100    0.00070400    0.00369300    0.01536000
   2   -0.00001900   -0.00015100   -0.00078500   -0.00332400
   3    0.00000000    0.00000000    0.00000000    0.00000000
   4    0.00000000    0.00000000    0.00000000    0.00000000
   5    0.00000000    0.00000000    0.00000000    0.00000000
   6    0.00000000    0.00000000    0.00000000    0.00000000

                 5             6             7             8
   1    0.05292900    0.14704300    0.30563100    0.39934500
   2   -0.01151200   -0.03416000   -0.07717300   -0.14149300
   3    0.00000000    0.00000000    0.00000000    0.00000000
   4    0.00000000    0.00000000    0.00000000    0.00000000
   5    0.00000000    0.00000000    0.00000000    0.00000000
   6    0.00000000    0.00000000    0.00000000    0.00000000

                 9            10            11            12
   1    0.21705100    0.01589400   -0.00308400    0.00097800
   2   -0.11801900    0.27380600    0.58651000    0.28543000
   3    0.00000000    1.00000000    0.00000000    0.00000000
   4    0.00000000    0.00000000    1.00000000    0.00000000
   5    0.00000000    0.00000000    0.00000000    1.00000000
   6    0.00000000    0.00000000    0.00000000    0.00000000

                13
   1    0.00000000
   2    0.00000000
   3    0.00000000
   4    0.00000000
   5    0.00000000
   6    1.00000000

type: ppppp
exps: 7, 5
             1             2             3             4             5
   34.51000000    7.91500000    2.36800000    0.81320000    0.28900000
             6             7
    0.10070000    0.03218000
coeffs: 5x7, 4
                 1             2             3             4
   1    0.00537800    0.03613200    0.14249300    0.34215000
   2    0.00000000    0.00000000    0.00000000    1.00000000
   3    0.00000000    0.00000000    0.00000000    0.00000000
   4    0.00000000    0.00000000    0.00000000    0.00000000
   5    0.00000000    0.00000000    0.00000000    0.00000000

                 5             6             7
   1    0.46386400    0.25002800    0.00000000
   2    0.00000000    0.00000000    0.00000000
   3    1.00000000    0.00000000    0.00000000
   4    0.00000000    1.00000000    0.00000000
   5    0.00000000    0.00000000    1.00000000

type: dddd
exps: 4, 5
             1             2             3             4
    1.84800000    0.64900000    0.22800000    0.07660000
coeffs: 4x4, 4
                 1             2             3             4
   1    1.00000000    0.00000000    0.00000000    0.00000000
   2    0.00000000    1.00000000    0.00000000    0.00000000
   3    0.00000000    0.00000000    1.00000000    0.00000000
   4    0.00000000    0.00000000    0.00000000    1.00000000

type: fff
exps: 3, 5
             1             2             3
    1.41900000    0.48500000    0.18700000
coeffs: 3x3, 4
                 1             2             3
   1    1.00000000    0.00000000    0.00000000
   2    0.00000000    1.00000000    0.00000000
   3    0.00000000    0.00000000    1.00000000

type: gg
exps: 2, 5
             1             2
    1.01100000    0.42400000
coeffs: 2x2, 4
                 1             2
   1    1.00000000    0.00000000
   2    0.00000000    1.00000000

end basis set
timing: 0.00073s wall, 0.00000s user + 0.00000s system = 0.00000s CPU (n/a%)
memory: 0.939102 MB 

coordinates: 1x3, 4
                       x             y             z
         C    0.00000000    0.00000000    0.00000000

external_charges_coords_and_charge_value: 0x4, 1
rotation_to_std_frame: 3x3, 4
                 1             2             3
   1    1.00000000    0.00000000    0.00000000
   2    0.00000000    1.00000000    0.00000000
   3    0.00000000    0.00000000    1.00000000

translation_to_std_frame: 3, 5
             1             2             3
    0.00000000    0.00000000    0.00000000
begin 1-electron integrals
end 1-electron integrals
timing: 0.14552s wall, 0.12000s user + 0.19000s system = 0.31000s CPU (213.0%)
memory: 1.13628 MB 

begin promolecule
begin forming JK
incremental: 0
polarized: 1
end forming JK
timing: 0.36015s wall, 0.48000s user + 0.16000s system = 0.64000s CPU (177.7%)
memory: 4.52559 MB 

begin forming JK
incremental: 0
polarized: 1
end forming JK
timing: 0.51267s wall, 0.58000s user + 0.20000s system = 0.78000s CPU (152.1%)
memory: 4.726 MB 

begin forming JK
incremental: 0
polarized: 1
end forming JK
timing: 0.51138s wall, 0.59000s user + 0.21000s system = 0.80000s CPU (156.4%)
memory: 4.92204 MB 

begin forming JK
incremental: 0
polarized: 1
end forming JK
timing: 0.51121s wall, 0.61000s user + 0.19000s system = 0.80000s CPU (156.5%)
memory: 4.92339 MB 

begin forming JK
incremental: 0
polarized: 1
end forming JK
timing: 0.51138s wall, 0.59000s user + 0.20000s system = 0.79000s CPU (154.5%)
memory: 4.92339 MB 

begin forming JK
incremental: 0
polarized: 1
end forming JK
timing: 0.51106s wall, 0.62000s user + 0.18000s system = 0.80000s CPU (156.5%)
memory: 4.92339 MB 

begin forming JK
incremental: 0
polarized: 1
end forming JK
timing: 0.51129s wall, 0.59000s user + 0.19000s system = 0.78000s CPU (152.6%)
memory: 4.92339 MB 

begin forming JK
incremental: 0
polarized: 1
end forming JK
timing: 0.51165s wall, 0.58000s user + 0.20000s system = 0.78000s CPU (152.4%)
memory: 4.92339 MB 

begin forming JK
incremental: 0
polarized: 1
end forming JK
timing: 0.51129s wall, 0.58000s user + 0.22000s system = 0.80000s CPU (156.5%)
memory: 4.92339 MB 

begin forming JK
incremental: 0
polarized: 1
end forming JK
timing: 0.51163s wall, 0.59000s user + 0.20000s system = 0.79000s CPU (154.4%)
memory: 4.92339 MB 

begin forming JK
incremental: 0
polarized: 1
end forming JK
timing: 0.51133s wall, 0.58000s user + 0.21000s system = 0.79000s CPU (154.5%)
memory: 4.92339 MB 

begin forming JK
incremental: 0
polarized: 1
end forming JK
timing: 0.51158s wall, 0.58000s user + 0.21000s system = 0.79000s CPU (154.4%)
memory: 4.92339 MB 

begin forming JK
incremental: 0
polarized: 1
end forming JK
timing: 0.51121s wall, 0.61000s user + 0.19000s system = 0.80000s CPU (156.5%)
memory: 4.92337 MB 

begin forming JK
incremental: 0
polarized: 1
end forming JK
timing: 0.51141s wall, 0.62000s user + 0.18000s system = 0.80000s CPU (156.4%)
memory: 4.92337 MB 

begin forming JK
incremental: 0
polarized: 1
end forming JK
timing: 0.51125s wall, 0.63000s user + 0.18000s system = 0.81000s CPU (158.4%)
memory: 4.92337 MB 

begin forming JK
incremental: 0
polarized: 1
end forming JK
timing: 0.51161s wall, 0.61000s user + 0.19000s system = 0.80000s CPU (156.4%)
memory: 4.92337 MB 

begin forming JK
incremental: 0
polarized: 1
end forming JK
timing: 0.51121s wall, 0.60000s user + 0.19000s system = 0.79000s CPU (154.5%)
memory: 4.92339 MB 

begin forming JK
incremental: 0
polarized: 1
end forming JK
timing: 0.51132s wall, 0.63000s user + 0.17000s system = 0.80000s CPU (156.5%)
memory: 4.92339 MB 

begin forming JK
incremental: 0
polarized: 1
end forming JK
timing: 0.51131s wall, 0.61000s user + 0.19000s system = 0.80000s CPU (156.5%)
memory: 4.92339 MB 

begin forming JK
incremental: 0
polarized: 1
end forming JK
timing: 0.51136s wall, 0.61000s user + 0.18000s system = 0.79000s CPU (154.5%)
memory: 4.92339 MB 

begin forming JK
incremental: 0
polarized: 1
end forming JK
timing: 0.51121s wall, 0.59000s user + 0.20000s system = 0.79000s CPU (154.5%)
memory: 4.92337 MB 

begin forming JK
incremental: 0
polarized: 1
end forming JK
timing: 0.51122s wall, 0.61000s user + 0.19000s system = 0.80000s CPU (156.5%)
memory: 4.92337 MB 

begin forming JK
incremental: 0
polarized: 1
end forming JK
timing: 0.51129s wall, 0.61000s user + 0.19000s system = 0.80000s CPU (156.5%)
memory: 4.92337 MB 

begin forming JK
incremental: 0
polarized: 1
end forming JK
timing: 0.51142s wall, 0.61000s user + 0.18000s system = 0.79000s CPU (154.5%)
memory: 4.92337 MB 

begin forming JK
incremental: 0
polarized: 1
end forming JK
timing: 0.51131s wall, 0.61000s user + 0.18000s system = 0.79000s CPU (154.5%)
memory: 4.92339 MB 

begin forming JK
incremental: 0
polarized: 1
end forming JK
timing: 0.51122s wall, 0.61000s user + 0.18000s system = 0.79000s CPU (154.5%)
memory: 4.92339 MB 

begin forming JK
incremental: 0
polarized: 1
end forming JK
timing: 0.51156s wall, 0.59000s user + 0.20000s system = 0.79000s CPU (154.4%)
memory: 4.92339 MB 

begin forming JK
incremental: 0
polarized: 1
end forming JK
timing: 0.51119s wall, 0.62000s user + 0.18000s system = 0.80000s CPU (156.5%)
memory: 4.92339 MB 

begin forming JK
incremental: 0
polarized: 1
end forming JK
timing: 0.51138s wall, 0.64000s user + 0.15000s system = 0.79000s CPU (154.5%)
memory: 4.92337 MB 

begin forming JK
incremental: 0
polarized: 1
end forming JK
timing: 0.51124s wall, 0.60000s user + 0.20000s system = 0.80000s CPU (156.5%)
memory: 4.92337 MB 

begin forming JK
incremental: 0
polarized: 1
end forming JK
timing: 0.51152s wall, 0.58000s user + 0.20000s system = 0.78000s CPU (152.5%)
memory: 4.92337 MB 

begin forming JK
incremental: 0
polarized: 1
end forming JK
timing: 0.51123s wall, 0.61000s user + 0.18000s system = 0.79000s CPU (154.5%)
memory: 4.92337 MB 

begin forming JK
incremental: 0
polarized: 1
end forming JK
timing: 0.51176s wall, 0.61000s user + 0.19000s system = 0.80000s CPU (156.3%)
memory: 4.92339 MB 

begin forming JK
incremental: 0
polarized: 1
end forming JK
timing: 0.51104s wall, 0.60000s user + 0.19000s system = 0.79000s CPU (154.6%)
memory: 4.92339 MB 

begin forming JK
incremental: 0
polarized: 1
end forming JK
timing: 0.51154s wall, 0.60000s user + 0.19000s system = 0.79000s CPU (154.4%)
memory: 4.92339 MB 

begin forming JK
incremental: 0
polarized: 1
end forming JK
timing: 1.90689s wall, 0.54000s user + 0.05000s system = 0.59000s CPU (30.9%)
memory: 4.92339 MB 

begin forming JK
incremental: 0
polarized: 1
end forming JK
timing: 0.51112s wall, 0.60000s user + 0.20000s system = 0.80000s CPU (156.5%)
memory: 4.92337 MB 

begin forming JK
incremental: 0
polarized: 1
end forming JK
timing: 0.51142s wall, 0.59000s user + 0.19000s system = 0.78000s CPU (152.5%)
memory: 4.92337 MB 

begin forming JK
incremental: 0
polarized: 1
end forming JK
timing: 0.51107s wall, 0.59000s user + 0.20000s system = 0.79000s CPU (154.6%)
memory: 4.92337 MB 

begin forming JK
incremental: 0
polarized: 1
end forming JK
timing: 0.51147s wall, 0.58000s user + 0.20000s system = 0.78000s CPU (152.5%)
memory: 4.92337 MB 

begin forming JK
incremental: 0
polarized: 1
end forming JK
timing: 0.51166s wall, 0.62000s user + 0.17000s system = 0.79000s CPU (154.4%)
memory: 4.92339 MB 

begin forming JK
incremental: 0
polarized: 1
end forming JK
timing: 0.51137s wall, 0.58000s user + 0.21000s system = 0.79000s CPU (154.5%)
memory: 4.92339 MB 

integral cache searches:  3321.00000000
integral cache hit ratio:     0.00000000
end promolecule
timing: 23.88699s wall, 25.99000s user + 9.92000s system = 35.91000s CPU (150.3%)
memory: 1.40005 MB 

Initial guess: will be constructed from promolecular fragments
begin scf
begin forming JK
incremental: 0
polarized: 0
end forming JK
timing: 0.50398s wall, 0.50000s user + 0.00000s system = 0.50000s CPU (99.2%)
memory: 3.2205 MB 

target_dE: 1.000000e-06
target_dPRMS: 1.000000e-08
target_dPMax: 1.000000e-06
i: 0
begin forming JK
incremental: 0
polarized: 0
end forming JK
timing: 0.41332s wall, 0.48000s user + 0.20000s system = 0.68000s CPU (164.5%)
memory: 3.36766 MB 

E:    -2.56374542
dE:    -2.56374542
dPRMS:    17.45879538
dPMax:  49731.84714501
i: 1
begin forming JK
incremental: 0
polarized: 0
end forming JK
timing: 0.50170s wall, 0.59000s user + 0.19000s system = 0.78000s CPU (155.5%)
memory: 3.61389 MB 

E:   -32.62740605
dE:   -30.06366063
dPRMS:     0.00391561
dPMax:     6.01934788
i: 2
begin forming JK
incremental: 0
polarized: 0
end forming JK
timing: 0.65688s wall, 0.72000s user + 0.22000s system = 0.94000s CPU (143.1%)
memory: 3.80994 MB 

E:   -32.68601536
dE:    -0.05860930
dPRMS:     0.00005459
dPMax:     0.17289601
i: 3
begin forming JK
incremental: 0
polarized: 0
end forming JK
timing: 0.67833s wall, 0.74000s user + 0.21000s system = 0.95000s CPU (140.1%)
memory: 4.00667 MB 

E:   -32.75280613
dE:    -0.06679078
dPRMS:     0.00006151
dPMax:     0.19450852
i: 4
begin forming JK
incremental: 0
polarized: 0
end forming JK
timing: 0.69685s wall, 0.80000s user + 0.18000s system = 0.98000s CPU (140.6%)
memory: 4.20204 MB 

E:   -32.73626709
dE:     0.01653904
dPRMS:     0.00001606
dPMax:     0.02382118
i: 5
begin forming JK
incremental: 0
polarized: 0
end forming JK
timing: 0.69721s wall, 0.80000s user + 0.17000s system = 0.97000s CPU (139.1%)
memory: 4.40015 MB 

E:   -32.87546968
dE:    -0.13920259
dPRMS:     0.00013201
dPMax:     0.42030527
i: 6
begin forming JK
incremental: 0
polarized: 0
end forming JK
timing: 0.70569s wall, 0.81000s user + 0.17000s system = 0.98000s CPU (138.9%)
memory: 4.59552 MB 

E:   -32.88298890
dE:    -0.00751922
dPRMS:     0.00016433
dPMax:     0.56257631
i: 7
begin forming JK
incremental: 0
polarized: 0
end forming JK
timing: 0.70563s wall, 0.79000s user + 0.20000s system = 0.99000s CPU (140.3%)
memory: 4.79089 MB 

E:   -32.88321009
dE:    -0.00022119
dPRMS:     0.00011545
dPMax:     0.18019684
i: 8
begin forming JK
incremental: 0
polarized: 0
end forming JK
timing: 0.70697s wall, 0.81000s user + 0.18000s system = 0.99000s CPU (140.0%)
memory: 4.98627 MB 

E:   -32.89459823
dE:    -0.01138814
dPRMS:     0.00002206
dPMax:     0.04027513
i: 9
begin forming JK
incremental: 0
polarized: 0
end forming JK
timing: 0.72963s wall, 0.84000s user + 0.18000s system = 1.02000s CPU (139.8%)
memory: 4.99168 MB 

E:   -34.47364173
dE:    -1.57904350
dPRMS:     0.00356243
dPMax:    12.13494851
i: 10
begin forming JK
incremental: 0
polarized: 0
end forming JK
timing: 0.72801s wall, 0.81000s user + 0.20000s system = 1.01000s CPU (138.7%)
memory: 4.99168 MB 

E:   -37.32396502
dE:    -2.85032330
dPRMS:     0.00050399
dPMax:     2.08090663
i: 11
begin forming JK
incremental: 0
polarized: 0
end forming JK
timing: 0.72826s wall, 0.82000s user + 0.20000s system = 1.02000s CPU (140.1%)
memory: 4.99168 MB 

E:   -37.48200086
dE:    -0.15803584
dPRMS:     0.00004778
dPMax:     0.03562635
i: 12
begin forming JK
incremental: 0
polarized: 0
end forming JK
timing: 0.72819s wall, 0.82000s user + 0.19000s system = 1.01000s CPU (138.7%)
memory: 4.99168 MB 

E:   -37.60261071
dE:    -0.12060985
dPRMS:     0.00009711
dPMax:     0.10088187
i: 13
begin forming JK
incremental: 0
polarized: 0
end forming JK
timing: 0.72801s wall, 0.78000s user + 0.22000s system = 1.00000s CPU (137.4%)
memory: 4.99168 MB 

E:   -37.60434903
dE:    -0.00173832
dPRMS:     0.00002075
dPMax:     0.08452854
i: 14
begin forming JK
incremental: 1
polarized: 0
end forming JK
timing: 0.72808s wall, 0.82000s user + 0.19000s system = 1.01000s CPU (138.7%)
memory: 4.99168 MB 

E:   -37.60454004
dE:    -0.00019100
dPRMS:     0.00000422
dPMax:     0.01283228
i: 15
begin forming JK
incremental: 1
polarized: 0
end forming JK
timing: 0.72833s wall, 0.81000s user + 0.20000s system = 1.01000s CPU (138.7%)
memory: 4.99168 MB 

E:   -37.60454255
dE:    -0.00000251
dPRMS:     0.00000059
dPMax:     0.00112792
i: 16
begin forming JK
incremental: 1
polarized: 0
end forming JK
timing: 0.72789s wall, 0.84000s user + 0.17000s system = 1.01000s CPU (138.8%)
memory: 4.99168 MB 

E:   -37.60454265
dE:    -0.00000010
dPRMS:     0.00000012
dPMax:     0.00045024
i: 17
begin forming JK
incremental: 1
polarized: 0
end forming JK
timing: 0.72794s wall, 0.81000s user + 0.21000s system = 1.02000s CPU (140.1%)
memory: 4.99179 MB 

E:   -37.60454265
dE:    -0.00000000
dPRMS:     0.00000002
dPMax:     0.00004122
i: 18
begin forming JK
incremental: 1
polarized: 0
end forming JK
timing: 0.72748s wall, 0.84000s user + 0.17000s system = 1.01000s CPU (138.8%)
memory: 4.99179 MB 

E:   -37.60454265
dE:    -0.00000000
dPRMS:     0.00000000
dPMax:     0.00000251
i: 19
begin forming JK
incremental: 1
polarized: 0
end forming JK
timing: 0.71403s wall, 0.79000s user + 0.21000s system = 1.00000s CPU (140.0%)
memory: 4.99179 MB 

begin forming JK
incremental: 0
polarized: 0
end forming JK
timing: 0.72790s wall, 0.81000s user + 0.19000s system = 1.00000s CPU (137.4%)
memory: 4.99179 MB 

E:   -37.60454265
dE:    -0.00000000
dPRMS:     0.00000000
dPMax:     0.00000018
scf converged: 1
begin results
total_energy:   -37.60454265
begin Mulliken analysis
Mulliken orbital populations: 80, 5
             1             2             3             4             5
    2.00054912    2.02070706    0.00615448   -0.00172457   -0.02946212
             6             7             8             9            10
    0.00349100    0.00000031    1.93676193    0.02299351   -0.00000000
            11            12            13            14            15
   -0.01731952   -0.00020565   -0.00000000   -0.02478411   -0.00029419
            16            17            18            19            20
    0.00000001    0.06356377    0.00075454    0.00000000    0.01771293
            21            22            23            24            25
    0.00021031    0.00000000    0.00000056    0.00000370    0.00000000
            26            27            28            29            30
    0.00001164   -0.00000000   -0.00000030   -0.00000177   -0.00000000
            31            32            33            34            35
   -0.00000556    0.00000000    0.00000640    0.00004489    0.00000000
            36            37            38            39            40
    0.00014131    0.00000000    0.00000296    0.00001941    0.00000000
            41            42            43            44            45
    0.00006111    0.00005090    0.00000000    0.00002771    0.00000214
            46            47            48            49            50
    0.00000000    0.00000363    0.00000000    0.00018344    0.00000000
            51            52            53            54            55
    0.00009986    0.00000772    0.00000000    0.00001307    0.00000000
            56            57            58            59            60
    0.00013132    0.00000000    0.00007148    0.00000552    0.00000000
            61            62            63            64            65
    0.00000935    0.00000000    0.00000000    0.00000000    0.00000000
            66            67            68            69            70
    0.00000004    0.00000000    0.00000000    0.00000001    0.00000000
            71            72            73            74            75
    0.00000002    0.00000000    0.00000002    0.00000000    0.00000026
            76            77            78            79            80
    0.00000004    0.00000000    0.00000009    0.00000000    0.00000019
Mulliken atomic populations: 1, 5
             1
    6.00000000
Mulliken atomic charges: 1, 5
             1
   -0.00000000
Mulliken overlap populations: 1x1, 4
                 1
   1    6.00000000

end Mulliken analysis
timing: 0.00039s wall, 0.00000s user + 0.00000s system = 0.00000s CPU (n/a%)
memory: 4.89275 MB 

begin Lowdin analysis
Lowdin orbital populations: 80, 5
             1             2             3             4             5
    1.80672142    0.73079103    0.42222867    0.58138051    0.35882046
             6             7             8             9            10
    0.09977288    0.00000012    0.75888278    0.00900955    0.00000007
            11            12            13            14            15
    0.44206138    0.00524821    0.00000007    0.45392769    0.00538909
            16            17            18            19            20
    0.00000004    0.27578891    0.00327416    0.00000001    0.04527426
            21            22            23            24            25
    0.00053751    0.00000000    0.00000035    0.00000232    0.00000000
            26            27            28            29            30
    0.00000732    0.00000000    0.00000071    0.00000537    0.00000000
            31            32            33            34            35
    0.00001691    0.00000000    0.00000490    0.00003627    0.00000000
            36            37            38            39            40
    0.00011418    0.00000000    0.00000328    0.00002227    0.00000000
            41            42            43            44            45
    0.00007010    0.00005574    0.00000000    0.00003034    0.00000234
            46            47            48            49            50
    0.00000000    0.00000397    0.00000000    0.00017742    0.00000000
            51            52            53            54            55
    0.00009658    0.00000746    0.00000000    0.00001264    0.00000000
            56            57            58            59            60
    0.00013251    0.00000000    0.00007213    0.00000557    0.00000000
            61            62            63            64            65
    0.00000944    0.00000000    0.00000000    0.00000001    0.00000000
            66            67            68            69            70
    0.00000009    0.00000001    0.00000000    0.00000002    0.00000000
            71            72            73            74            75
    0.00000004    0.00000000    0.00000003    0.00000000    0.00000057
            76            77            78            79            80
    0.00000004    0.00000000    0.00000008    0.00000000    0.00000017
Lowdin atomic populations: 1, 5
             1
    6.00000000
Lowdin atomic charges: 1, 5
             1
    0.00000000
end Lowdin analysis
timing: 0.00759s wall, 0.00000s user + 0.02000s system = 0.02000s CPU (263.6%)
memory: 4.89273 MB 

begin Mayer analysis
bond order threshold:     0.05000000
bond orders: 0, 1
Vtotal: 1, 5
             1
    0.00000000
Vfree: 1, 5
             1
    0.00000000
end Mayer analysis
timing: 0.00020s wall, 0.00000s user + 0.00000s system = 0.00000s CPU (n/a%)
memory: 4.84389 MB 

begin Gopinathan-Jug analysis
bond order threshold:     0.05000000
bond orders: 0, 1
end Gopinathan-Jug analysis
timing: 0.00377s wall, 0.01000s user + 0.01000s system = 0.02000s CPU (530.3%)
memory: 4.8439 MB 

begin Nalewajski-Mrozek analysis
bond order threshold:     0.05000000
bond orders: 0, 1
Vab: 1x1, 4
                 1
   1    0.00000000

Vi: 1, 3
                  1
 885822210.77507722
Vc: 1, 3
                   1
 2604900885.90771866
end Nalewajski-Mrozek analysis
timing: 0.03157s wall, 0.01000s user + 0.09000s system = 0.10000s CPU (316.8%)
memory: 4.8439 MB 

end results
timing: 0.04381s wall, 0.02000s user + 0.13000s system = 0.15000s CPU (342.4%)
memory: 4.84377 MB 

end scf
timing: 15.37648s wall, 17.09000s user + 5.02000s system = 22.11000s CPU (143.8%)
memory: 4.84326 MB 

termination: normal
end niedoida
timing: 40.17182s wall, 43.88000s user + 16.33000s system = 60.21000s CPU (149.9%)
memory: 1.54675 MB 

