begin niedoida
begin input
end input
timing: 0.00140s wall, 0.00000s user + 0.00000s system = 0.00000s CPU (n/a%)
memory: 0.575333 MB 

begin job info
job name: dvb_sp_uhf
job title: untitled
basis set: sto-3g
charge: 0
multiplicity: 1
theory: HF
run type: single point
length unit: bohr
energy unit: hartree
end job info
timing: 0.00005s wall, 0.00000s user + 0.00000s system = 0.00000s CPU (n/a%)
memory: 0.576691 MB 

begin parallelization info
number of processes: 1
total number of threads: 4
end parallelization info
timing: 0.00002s wall, 0.00000s user + 0.00000s system = 0.00000s CPU (n/a%)
memory: 0.576691 MB 

begin symmetry
finite_group: C2h
rank: 4
largest_abelian_subgroup: C2h
rank: 4
end symmetry
timing: 0.19208s wall, 0.28000s user + 0.33000s system = 0.61000s CPU (317.6%)
memory: 0.939606 MB 

begin basis set
element: C
no_shells: 2
type: s
exps: 3, 5
             1             2             3
   71.61683700   13.04509600    3.53051220
coeffs: 1x3, 4
                 1             2             3
   1    0.15432897    0.53532814    0.44463454

type: sp
exps: 3, 5
             1             2             3
    2.94124940    0.68348310    0.22228990
coeffs: 2x3, 4
                 1             2             3
   1   -0.09996723    0.39951283    0.70011547
   2    0.15591627    0.60768372    0.39195739

element: C
no_shells: 2
type: s
exps: 3, 5
             1             2             3
   71.61683700   13.04509600    3.53051220
coeffs: 1x3, 4
                 1             2             3
   1    0.15432897    0.53532814    0.44463454

type: sp
exps: 3, 5
             1             2             3
    2.94124940    0.68348310    0.22228990
coeffs: 2x3, 4
                 1             2             3
   1   -0.09996723    0.39951283    0.70011547
   2    0.15591627    0.60768372    0.39195739

element: C
no_shells: 2
type: s
exps: 3, 5
             1             2             3
   71.61683700   13.04509600    3.53051220
coeffs: 1x3, 4
                 1             2             3
   1    0.15432897    0.53532814    0.44463454

type: sp
exps: 3, 5
             1             2             3
    2.94124940    0.68348310    0.22228990
coeffs: 2x3, 4
                 1             2             3
   1   -0.09996723    0.39951283    0.70011547
   2    0.15591627    0.60768372    0.39195739

element: C
no_shells: 2
type: s
exps: 3, 5
             1             2             3
   71.61683700   13.04509600    3.53051220
coeffs: 1x3, 4
                 1             2             3
   1    0.15432897    0.53532814    0.44463454

type: sp
exps: 3, 5
             1             2             3
    2.94124940    0.68348310    0.22228990
coeffs: 2x3, 4
                 1             2             3
   1   -0.09996723    0.39951283    0.70011547
   2    0.15591627    0.60768372    0.39195739

element: C
no_shells: 2
type: s
exps: 3, 5
             1             2             3
   71.61683700   13.04509600    3.53051220
coeffs: 1x3, 4
                 1             2             3
   1    0.15432897    0.53532814    0.44463454

type: sp
exps: 3, 5
             1             2             3
    2.94124940    0.68348310    0.22228990
coeffs: 2x3, 4
                 1             2             3
   1   -0.09996723    0.39951283    0.70011547
   2    0.15591627    0.60768372    0.39195739

element: C
no_shells: 2
type: s
exps: 3, 5
             1             2             3
   71.61683700   13.04509600    3.53051220
coeffs: 1x3, 4
                 1             2             3
   1    0.15432897    0.53532814    0.44463454

type: sp
exps: 3, 5
             1             2             3
    2.94124940    0.68348310    0.22228990
coeffs: 2x3, 4
                 1             2             3
   1   -0.09996723    0.39951283    0.70011547
   2    0.15591627    0.60768372    0.39195739

element: H
no_shells: 1
type: s
exps: 3, 5
             1             2             3
    3.42525091    0.62391373    0.16885540
coeffs: 1x3, 4
                 1             2             3
   1    0.15432897    0.53532814    0.44463454

element: H
no_shells: 1
type: s
exps: 3, 5
             1             2             3
    3.42525091    0.62391373    0.16885540
coeffs: 1x3, 4
                 1             2             3
   1    0.15432897    0.53532814    0.44463454

element: H
no_shells: 1
type: s
exps: 3, 5
             1             2             3
    3.42525091    0.62391373    0.16885540
coeffs: 1x3, 4
                 1             2             3
   1    0.15432897    0.53532814    0.44463454

element: H
no_shells: 1
type: s
exps: 3, 5
             1             2             3
    3.42525091    0.62391373    0.16885540
coeffs: 1x3, 4
                 1             2             3
   1    0.15432897    0.53532814    0.44463454

element: C
no_shells: 2
type: s
exps: 3, 5
             1             2             3
   71.61683700   13.04509600    3.53051220
coeffs: 1x3, 4
                 1             2             3
   1    0.15432897    0.53532814    0.44463454

type: sp
exps: 3, 5
             1             2             3
    2.94124940    0.68348310    0.22228990
coeffs: 2x3, 4
                 1             2             3
   1   -0.09996723    0.39951283    0.70011547
   2    0.15591627    0.60768372    0.39195739

element: C
no_shells: 2
type: s
exps: 3, 5
             1             2             3
   71.61683700   13.04509600    3.53051220
coeffs: 1x3, 4
                 1             2             3
   1    0.15432897    0.53532814    0.44463454

type: sp
exps: 3, 5
             1             2             3
    2.94124940    0.68348310    0.22228990
coeffs: 2x3, 4
                 1             2             3
   1   -0.09996723    0.39951283    0.70011547
   2    0.15591627    0.60768372    0.39195739

element: H
no_shells: 1
type: s
exps: 3, 5
             1             2             3
    3.42525091    0.62391373    0.16885540
coeffs: 1x3, 4
                 1             2             3
   1    0.15432897    0.53532814    0.44463454

element: H
no_shells: 1
type: s
exps: 3, 5
             1             2             3
    3.42525091    0.62391373    0.16885540
coeffs: 1x3, 4
                 1             2             3
   1    0.15432897    0.53532814    0.44463454

element: C
no_shells: 2
type: s
exps: 3, 5
             1             2             3
   71.61683700   13.04509600    3.53051220
coeffs: 1x3, 4
                 1             2             3
   1    0.15432897    0.53532814    0.44463454

type: sp
exps: 3, 5
             1             2             3
    2.94124940    0.68348310    0.22228990
coeffs: 2x3, 4
                 1             2             3
   1   -0.09996723    0.39951283    0.70011547
   2    0.15591627    0.60768372    0.39195739

element: C
no_shells: 2
type: s
exps: 3, 5
             1             2             3
   71.61683700   13.04509600    3.53051220
coeffs: 1x3, 4
                 1             2             3
   1    0.15432897    0.53532814    0.44463454

type: sp
exps: 3, 5
             1             2             3
    2.94124940    0.68348310    0.22228990
coeffs: 2x3, 4
                 1             2             3
   1   -0.09996723    0.39951283    0.70011547
   2    0.15591627    0.60768372    0.39195739

element: H
no_shells: 1
type: s
exps: 3, 5
             1             2             3
    3.42525091    0.62391373    0.16885540
coeffs: 1x3, 4
                 1             2             3
   1    0.15432897    0.53532814    0.44463454

element: H
no_shells: 1
type: s
exps: 3, 5
             1             2             3
    3.42525091    0.62391373    0.16885540
coeffs: 1x3, 4
                 1             2             3
   1    0.15432897    0.53532814    0.44463454

element: H
no_shells: 1
type: s
exps: 3, 5
             1             2             3
    3.42525091    0.62391373    0.16885540
coeffs: 1x3, 4
                 1             2             3
   1    0.15432897    0.53532814    0.44463454

element: H
no_shells: 1
type: s
exps: 3, 5
             1             2             3
    3.42525091    0.62391373    0.16885540
coeffs: 1x3, 4
                 1             2             3
   1    0.15432897    0.53532814    0.44463454

end basis set
timing: 0.00166s wall, 0.00000s user + 0.00000s system = 0.00000s CPU (n/a%)
memory: 0.954224 MB 

coordinates: 20x3, 4
                       x             y             z
         C   -1.41308741    0.24316249    0.00000000
         C    1.41308741   -0.24316249    0.00000000
         C   -0.48308439    1.31893657    0.00000000
         C    0.48308439   -1.31893657    0.00000000
         C    0.89935459    1.08276512    0.00000000
         C   -0.89935459   -1.08276512    0.00000000
         H   -0.85806792    2.35168462    0.00000000
         H    0.85806792   -2.35168462    0.00000000
         H    1.59563597    1.93048601    0.00000000
         H   -1.59563597   -1.93048601    0.00000000
         C    2.87969547   -0.54746309    0.00000000
         C   -2.87969547    0.54746309    0.00000000
         H    3.12563689   -1.62062971    0.00000000
         H   -3.12563689    1.62062971    0.00000000
         C    3.88337819    0.34673302    0.00000000
         C   -3.88337819   -0.34673302    0.00000000
         H    3.70790402    1.42856941    0.00000000
         H   -3.70790402   -1.42856941    0.00000000
         H    4.93208953    0.02597472    0.00000000
         H   -4.93208953   -0.02597472    0.00000000

external_charges_coords_and_charge_value: 0x4, 1
rotation_to_std_frame: 3x3, 4
                 1             2             3
   1    0.99995813    0.00915055    0.00000000
   2   -0.00915055    0.99995813    0.00000000
   3    0.00000000    0.00000000    1.00000000

translation_to_std_frame: 3, 5
             1             2             3
    0.00000000    0.00000000    0.00000000
begin 1-electron integrals
end 1-electron integrals
timing: 0.06168s wall, 0.07000s user + 0.01000s system = 0.08000s CPU (129.7%)
memory: 1.06593 MB 

begin promolecule
begin forming JK
incremental: 0
polarized: 1
end forming JK
timing: 0.00039s wall, 0.00000s user + 0.00000s system = 0.00000s CPU (n/a%)
memory: 65.2896 MB 

begin forming JK
incremental: 0
polarized: 1
end forming JK
timing: 0.00020s wall, 0.00000s user + 0.00000s system = 0.00000s CPU (n/a%)
memory: 65.2912 MB 

integral cache searches:     6.00000000
integral cache hit ratio:     0.33333333
begin forming JK
incremental: 0
polarized: 1
end forming JK
timing: 0.00022s wall, 0.00000s user + 0.01000s system = 0.01000s CPU (n/a%)
memory: 62.2972 MB 

begin forming JK
incremental: 0
polarized: 1
end forming JK
timing: 0.00004s wall, 0.00000s user + 0.00000s system = 0.00000s CPU (n/a%)
memory: 62.2979 MB 

integral cache searches:     1.00000000
integral cache hit ratio:     1.00000000
end promolecule
timing: 0.00264s wall, 0.00000s user + 0.01000s system = 0.01000s CPU (378.8%)
memory: 1.20389 MB 

Initial guess: will be constructed from promolecular fragments
begin scf
begin forming JK
incremental: 0
polarized: 0
end forming JK
timing: 0.45334s wall, 0.52000s user + 0.19000s system = 0.71000s CPU (156.6%)
memory: 66.4982 MB 

target_dE: 1.000000e-06
target_dPRMS: 1.000000e-08
target_dPMax: 1.000000e-06
i: 0
begin forming JK
incremental: 0
polarized: 0
end forming JK
timing: 1.12339s wall, 1.19000s user + 0.20000s system = 1.39000s CPU (123.7%)
memory: 66.609 MB 

E: -1197.71382258
dE: -1197.71382258
dPRMS:     0.00188587
dPMax:     0.85331361
i: 1
begin forming JK
incremental: 0
polarized: 0
end forming JK
timing: 1.12275s wall, 1.19000s user + 0.21000s system = 1.40000s CPU (124.7%)
memory: 66.7766 MB 

E: -1197.74312311
dE:    -0.02930053
dPRMS:     0.00018041
dPMax:     0.07239095
i: 2
begin forming JK
incremental: 0
polarized: 0
end forming JK
timing: 1.12190s wall, 1.24000s user + 0.14000s system = 1.38000s CPU (123.0%)
memory: 66.8872 MB 

E: -1197.74405364
dE:    -0.00093053
dPRMS:     0.00003443
dPMax:     0.00800698
i: 3
begin forming JK
incremental: 1
polarized: 0
end forming JK
timing: 1.11529s wall, 1.20000s user + 0.18000s system = 1.38000s CPU (123.7%)
memory: 66.9985 MB 

E: -1197.74409926
dE:    -0.00004562
dPRMS:     0.00000669
dPMax:     0.00375436
i: 4
begin forming JK
incremental: 1
polarized: 0
end forming JK
timing: 1.10830s wall, 1.16000s user + 0.22000s system = 1.38000s CPU (124.5%)
memory: 67.1084 MB 

E: -1197.74410032
dE:    -0.00000106
dPRMS:     0.00000083
dPMax:     0.00050732
i: 5
begin forming JK
incremental: 1
polarized: 0
end forming JK
timing: 1.09358s wall, 1.18000s user + 0.18000s system = 1.36000s CPU (124.4%)
memory: 67.221 MB 

E: -1197.74410032
dE:    -0.00000000
dPRMS:     0.00000006
dPMax:     0.00002450
i: 6
begin forming JK
incremental: 1
polarized: 0
end forming JK
timing: 1.07463s wall, 1.18000s user + 0.17000s system = 1.35000s CPU (125.6%)
memory: 67.331 MB 

E: -1197.74410032
dE:    -0.00000000
dPRMS:     0.00000001
dPMax:     0.00000398
i: 7
begin forming JK
incremental: 1
polarized: 0
end forming JK
timing: 1.04095s wall, 1.12000s user + 0.18000s system = 1.30000s CPU (124.9%)
memory: 67.4409 MB 

begin forming JK
incremental: 0
polarized: 0
end forming JK
timing: 1.12337s wall, 1.23000s user + 0.17000s system = 1.40000s CPU (124.6%)
memory: 67.4409 MB 

E: -1197.74410032
dE:     0.00000000
dPRMS:     0.00000000
dPMax:     0.00000054
scf converged: 1
begin results
total_energy:  -355.04533916
begin Mulliken analysis
Mulliken orbital populations: 60, 5
             1             2             3             4             5
    1.99741732    0.19973426    1.51376355    1.58904658    1.09588808
             6             7             8             9            10
    1.99741732    0.19973426    1.51376355    1.58904658    1.09588808
            11            12            13            14            15
    1.99805295    0.26570464    1.41337338    1.49890762    0.95249863
            16            17            18            19            20
    1.99805295    0.26570464    1.41337338    1.49890762    0.95249863
            21            22            23            24            25
    1.99803059    0.25832406    1.48225983    1.43885552    0.96142146
            26            27            28            29            30
    1.99803059    0.25832406    1.48225983    1.43885552    0.96142146
            31            32            33            34            35
    0.71521137    0.71521137    0.72770199    0.72770199    1.99859493
            36            37            38            39            40
    0.31329610    1.40211610    1.57239129    1.01777687    1.99859493
            41            42            43            44            45
    0.31329610    1.40211610    1.57239129    1.01777687    0.70260134
            46            47            48            49            50
    0.70260134    1.99858202    0.49224466    1.45041853    1.44488707
            51            52            53            54            55
    0.97241495    1.99858202    0.49224466    1.45041853    1.44488707
            56            57            58            59            60
    0.97241495    0.79662349    0.79662349    0.73186082    0.73186082
Mulliken atomic populations: 20, 5
             1             2             3             4             5
    6.39584979    6.39584979    6.12853723    6.12853723    6.13889146
             6             7             8             9            10
    6.13889146    0.71521137    0.71521137    0.72770199    0.72770199
            11            12            13            14            15
    6.30417529    6.30417529    0.70260134    0.70260134    6.35854723
            16            17            18            19            20
    6.35854723    0.79662349    0.79662349    0.73186082    0.73186082
Mulliken atomic charges: 20, 5
             1             2             3             4             5
   -0.39584979   -0.39584979   -0.12853723   -0.12853723   -0.13889146
             6             7             8             9            10
   -0.13889146    0.28478863    0.28478863    0.27229801    0.27229801
            11            12            13            14            15
   -0.30417529   -0.30417529    0.29739866    0.29739866   -0.35854723
            16            17            18            19            20
   -0.35854723    0.20337651    0.20337651    0.26813918    0.26813918
Mulliken overlap populations: 20x20, 4
                 1             2             3             4
   1    8.54096768   -0.51010922   -0.20800374   -0.10653337
   2   -0.51010922    8.54096768   -0.10653337   -0.20800374
   3   -0.20800374   -0.10653337    7.33635359   -0.47445224
   4   -0.10653337   -0.20800374   -0.47445224    7.33635359
   5   -0.13456711   -0.18336912   -0.32945730   -0.11928436
   6   -0.18336912   -0.13456711   -0.11928436   -0.32945730
   7   -0.05176733    0.04494163    0.45949434   -0.01919007
   8    0.04494163   -0.05176733   -0.01919007    0.45949434
   9    0.04793665   -0.00397229   -0.04771780    0.04650519
  10   -0.00397229    0.04793665    0.04650519   -0.04771780
  11   -0.03736899   -0.64405298    0.10294026   -0.45638276
  12   -0.64405298   -0.03736899   -0.45638276    0.10294026
  13    0.00068953   -0.08652210    0.00549709   -0.16317672
  14   -0.08652210    0.00068953   -0.16317672    0.00549709
  15    0.00071846   -0.15352344    0.00973403    0.09129910
  16   -0.15352344    0.00071846    0.09129910    0.00973403
  17   -0.00223092   -0.17282018   -0.00810567   -0.00238460
  18   -0.17282018   -0.00223092   -0.00238460   -0.00810567
  19    0.00044886    0.05498777    0.00123196    0.01017027
  20    0.05498777    0.00044886    0.01017027    0.00123196

                 5             6             7             8
   1   -0.13456711   -0.18336912   -0.05176733    0.04494163
   2   -0.18336912   -0.13456711    0.04494163   -0.05176733
   3   -0.32945730   -0.11928436    0.45949434   -0.01919007
   4   -0.11928436   -0.32945730   -0.01919007    0.45949434
   5    7.42307716   -0.48055887   -0.06880490    0.04054058
   6   -0.48055887    7.42307716    0.04054058   -0.06880490
   7   -0.06880490    0.04054058    0.56853904    0.00303757
   8    0.04054058   -0.06880490    0.00303757    0.56853904
   9    0.44470296   -0.01724978   -0.09770194    0.00354679
  10   -0.01724978    0.44470296    0.00354679   -0.09770194
  11   -0.20234606    0.11950904    0.00795958   -0.15080040
  12    0.11950904   -0.20234606   -0.15080040    0.00795958
  13    0.02589298    0.00456305    0.00105643   -0.03970559
  14    0.00456305    0.02589298   -0.03970559    0.00105643
  15   -0.31657839    0.00017906    0.00353521    0.00521012
  16    0.00017906   -0.31657839    0.00521012    0.00353521
  17   -0.06413044   -0.00416193    0.00215636    0.00317345
  18   -0.00416193   -0.06413044    0.00317345    0.00215636
  19    0.00060788    0.00032702   -0.00017120    0.00016168
  20    0.00032702    0.00060788    0.00016168   -0.00017120

                 9            10            11            12
   1    0.04793665   -0.00397229   -0.03736899   -0.64405298
   2   -0.00397229    0.04793665   -0.64405298   -0.03736899
   3   -0.04771780    0.04650519    0.10294026   -0.45638276
   4    0.04650519   -0.04771780   -0.45638276    0.10294026
   5    0.44470296   -0.01724978   -0.20234606    0.11950904
   6   -0.01724978    0.44470296    0.11950904   -0.20234606
   7   -0.09770194    0.00354679    0.00795958   -0.15080040
   8    0.00354679   -0.09770194   -0.15080040    0.00795958
   9    0.57415321    0.00227738   -0.14132083    0.00777425
  10    0.00227738    0.57415321    0.00777425   -0.14132083
  11   -0.14132083    0.00777425    7.24554172    0.00723801
  12    0.00777425   -0.14132083    0.00723801    7.24554172
  13   -0.00337526   -0.00034993    0.51041748    0.00040943
  14   -0.00034993   -0.00337526    0.00040943    0.51041748
  15   -0.06806409    0.00063280   -0.13437502    0.00014977
  16    0.00063280   -0.06806409    0.00014977   -0.13437502
  17   -0.01506750    0.00014058    0.07843038   -0.00007707
  18    0.00014058   -0.01506750   -0.00007707    0.07843038
  19   -0.00507080   -0.00007763   -0.00946909   -0.00000145
  20   -0.00007763   -0.00507080   -0.00000145   -0.00946909

                13            14            15            16
   1    0.00068953   -0.08652210    0.00071846   -0.15352344
   2   -0.08652210    0.00068953   -0.15352344    0.00071846
   3    0.00549709   -0.16317672    0.00973403    0.09129910
   4   -0.16317672    0.00549709    0.09129910    0.00973403
   5    0.02589298    0.00456305   -0.31657839    0.00017906
   6    0.00456305    0.02589298    0.00017906   -0.31657839
   7    0.00105643   -0.03970559    0.00353521    0.00521012
   8   -0.03970559    0.00105643    0.00521012    0.00353521
   9   -0.00337526   -0.00034993   -0.06806409    0.00063280
  10   -0.00034993   -0.00337526    0.00063280   -0.06806409
  11    0.51041748    0.00040943   -0.13437502    0.00014977
  12    0.00040943    0.51041748    0.00014977   -0.13437502
  13    0.58392712    0.00010760   -0.05688084   -0.00005985
  14    0.00010760    0.58392712   -0.00005985   -0.05688084
  15   -0.05688084   -0.00005985    6.17723810    0.00000487
  16   -0.00005985   -0.05688084    0.00000487    6.17723810
  17    0.03158716   -0.00000869    0.43924094    0.00000338
  18   -0.00000869    0.03158716    0.00000338    0.43924094
  19   -0.11146885    0.00000127    0.36008223    0.00000077
  20    0.00000127   -0.11146885    0.00000077    0.36008223

                17            18            19            20
   1   -0.00223092   -0.17282018    0.00044886    0.05498777
   2   -0.17282018   -0.00223092    0.05498777    0.00044886
   3   -0.00810567   -0.00238460    0.00123196    0.01017027
   4   -0.00238460   -0.00810567    0.01017027    0.00123196
   5   -0.06413044   -0.00416193    0.00060788    0.00032702
   6   -0.00416193   -0.06413044    0.00032702    0.00060788
   7    0.00215636    0.00317345   -0.00017120    0.00016168
   8    0.00317345    0.00215636    0.00016168   -0.00017120
   9   -0.01506750    0.00014058   -0.00507080   -0.00007763
  10    0.00014058   -0.01506750   -0.00007763   -0.00507080
  11    0.07843038   -0.00007707   -0.00946909   -0.00000145
  12   -0.00007707    0.07843038   -0.00000145   -0.00946909
  13    0.03158716   -0.00000869   -0.11146885    0.00000127
  14   -0.00000869    0.03158716    0.00000127   -0.11146885
  15    0.43924094    0.00000338    0.36008223    0.00000077
  16    0.00000338    0.43924094    0.00000077    0.36008223
  17    0.52840590   -0.00000741   -0.01752229    0.00000204
  18   -0.00000741    0.52840590    0.00000204   -0.01752229
  19   -0.01752229    0.00000204    0.44762067   -0.00000029
  20    0.00000204   -0.01752229   -0.00000029    0.44762067

end Mulliken analysis
timing: 0.00159s wall, 0.00000s user + 0.00000s system = 0.00000s CPU (n/a%)
memory: 67.3568 MB 

begin Lowdin analysis
Lowdin orbital populations: 60, 5
             1             2             3             4             5
    1.99782238    0.43803432    1.32073361    1.35233966    1.00808674
             6             7             8             9            10
    1.99782238    0.43803432    1.32073361    1.35233966    1.00808674
            11            12            13            14            15
    1.99767494    0.48382548    1.32584836    1.32201509    0.98632878
            16            17            18            19            20
    1.99767494    0.48382548    1.32584836    1.32201509    0.98632878
            21            22            23            24            25
    1.99776082    0.48499662    1.35046534    1.31058705    0.99465331
            26            27            28            29            30
    1.99776082    0.48499662    1.35046534    1.31058705    0.99465331
            31            32            33            34            35
    0.83351783    0.83351783    0.82223524    0.82223524    1.99742232
            36            37            38            39            40
    0.50017766    1.29621988    1.37002648    0.99598971    1.99742232
            41            42            43            44            45
    0.50017766    1.29621988    1.37002648    0.99598971    0.82902140
            46            47            48            49            50
    0.82902140    1.99762403    0.56966521    1.37331563    1.35771765
            51            52            53            54            55
    1.01494145    1.99762403    0.56966521    1.37331563    1.35771765
            56            57            58            59            60
    1.01494145    0.84377211    0.84377211    0.82718090    0.82718090
Lowdin atomic populations: 20, 5
             1             2             3             4             5
    6.11701671    6.11701671    6.11569265    6.11569265    6.13846314
             6             7             8             9            10
    6.13846314    0.83351783    0.83351783    0.82223524    0.82223524
            11            12            13            14            15
    6.15983605    6.15983605    0.82902140    0.82902140    6.31326397
            16            17            18            19            20
    6.31326397    0.84377211    0.84377211    0.82718090    0.82718090
Lowdin atomic charges: 20, 5
             1             2             3             4             5
   -0.11701671   -0.11701671   -0.11569265   -0.11569265   -0.13846314
             6             7             8             9            10
   -0.13846314    0.16648217    0.16648217    0.17776476    0.17776476
            11            12            13            14            15
   -0.15983605   -0.15983605    0.17097860    0.17097860   -0.31326397
            16            17            18            19            20
   -0.31326397    0.15622789    0.15622789    0.17281910    0.17281910
end Lowdin analysis
timing: 0.01835s wall, 0.02000s user + 0.04000s system = 0.06000s CPU (326.9%)
memory: 67.3568 MB 

begin Mayer analysis
bond order threshold:     0.05000000
bond orders: 61, 5
           1 2           1 3           1 4           1 5           1 6
    0.09694813    0.64650086    0.17464220    0.16892065    0.62621490
           1 7          1 10          1 12          1 14          1 16
    0.12109863    0.12579341    0.35424431    0.10982916    0.17983930
           2 3           2 4           2 5           2 6           2 8
    0.17464220    0.64650086    0.62621490    0.16892065    0.12109863
           2 9          2 11          2 13          2 15           3 4
    0.12579341    0.35424431    0.10982916    0.17983930    0.09832549
           3 5           3 6           3 7           3 9          3 10
    0.82442728    0.21673130    0.55863104    0.12448867    0.05020017
          3 11          3 12          3 16           4 5           4 6
    0.09516173    0.09819974    0.12805011    0.21673130    0.82442728
           4 8           4 9          4 10          4 11          4 12
    0.55863104    0.05020017    0.12448867    0.09819974    0.09516173
          4 15           5 6           5 7           5 9          5 11
    0.12805011    0.11590854    0.11235153    0.54647074    0.18436568
          5 12           6 8          6 10          6 11          6 12
    0.08731099    0.11235153    0.54647074    0.08731099    0.18436568
         11 13         11 15         11 17         11 19         12 14
    0.56603125    1.39442024    0.12849155    0.09979840    0.56603125
         12 16         12 18         12 20         13 15         14 16
    1.39442024    0.12849155    0.09979840    0.12631705    0.12631705
         15 17         15 19         16 18         16 20         17 19
    0.72141236    0.69487899    0.72141236    0.69487899    0.06380057
         18 20
    0.06380057
Vtotal: 20, 5
             1             2             3             4             5
    2.74551674    2.74551674    3.02011899    3.02011899    3.01584223
             6             7             8             9            10
    3.01584223    0.91889544    0.91889544    0.92585379    0.92585379
            11            12            13            14            15
    3.02436910    3.02436910    0.91155404    0.91155404    3.33230224
            16            17            18            19            20
    3.33230224    0.95863800    0.95863800    0.92810138    0.92810138
Vfree: 20, 5
             1             2             3             4             5
    0.00000000    0.00000000    0.00000000    0.00000000    0.00000000
             6             7             8             9            10
    0.00000000    0.00000000    0.00000000    0.00000000    0.00000000
            11            12            13            14            15
    0.00000000    0.00000000    0.00000000    0.00000000    0.00000000
            16            17            18            19            20
    0.00000000    0.00000000    0.00000000    0.00000000    0.00000000
end Mayer analysis
timing: 0.00062s wall, 0.00000s user + 0.00000s system = 0.00000s CPU (n/a%)
memory: 67.3291 MB 

begin Gopinathan-Jug analysis
bond order threshold:     0.05000000
bond orders: 21, 5
           1 3           1 6          1 12           2 4           2 5
    0.50509143    0.51391876    0.37464709    0.50509143    0.51391876
          2 11           3 5           3 7           4 6           4 8
    0.37464709    0.57501612    0.39367811    0.57501612    0.39367811
           5 6           5 9          6 10         11 13         11 15
    0.05628532    0.38547918    0.38547918    0.38811335    0.79407899
         12 14         12 16         15 17         15 19         16 18
    0.38811335    0.79407899    0.40339851    0.40427147    0.40339851
         16 20
    0.40427147
end Gopinathan-Jug analysis
timing: 0.00708s wall, 0.00000s user + 0.02000s system = 0.02000s CPU (282.6%)
memory: 67.3291 MB 

begin Nalewajski-Mrozek analysis
bond order threshold:     0.05000000
bond orders: 55, 5
           1 2           1 3           1 4           1 5           1 6
    0.12177232    1.41026573    0.13721848    0.13663372    1.43744561
           1 7          1 10          1 12          1 14          1 16
    0.07059374    0.07412728    1.04476956    0.06781561    0.12887562
           2 3           2 4           2 5           2 6           2 8
    0.13721848    1.41026573    1.43744561    0.13663372    0.07059374
           2 9          2 11          2 13          2 15           3 4
    0.07412728    1.04476956    0.06781561    0.12887562    0.12803730
           3 5           3 6           3 7           3 9          3 11
    1.58489194    0.12736748    0.94646916    0.06946840    0.05057112
          3 12          3 16           4 5           4 6           4 8
    0.10046469    0.10735747    0.12736748    1.58489194    0.94646916
          4 10          4 11          4 12          4 15           5 6
    0.06946840    0.10046469    0.05057112    0.10735747    0.15541420
           5 7           5 9          5 11           6 8          6 10
    0.06764828    0.93024771    0.10684851    0.06764828    0.93024771
          6 12         11 13         11 15         11 17         11 19
    0.10684851    0.93238585    2.16194482    0.10209980    0.10154610
         12 14         12 16         12 18         12 20         13 15
    0.93238585    2.16194482    0.10209980    0.10154610    0.07997896
         14 16         15 17         15 19         16 18         16 20
    0.07997896    0.95821622    0.96262171    0.95821622    0.96262171
Vab: 20x20, 4
                 1             2             3             4
   1    0.00000000    0.04298546    0.50509143    0.04914526
   2    0.04298546    0.00000000    0.04914526    0.50509143
   3    0.50509143    0.04914526    0.00000000    0.04653655
   4    0.04914526    0.50509143    0.04653655    0.00000000
   5    0.04884959    0.51391876    0.57501612    0.04621032
   6    0.51391876    0.04884959    0.04621032    0.57501612
   7    0.02887338    0.01218300    0.39367811    0.00151343
   8    0.01218300    0.02887338    0.00151343    0.39367811
   9    0.01148114    0.03026755    0.02884547    0.01161268
  10    0.03026755    0.01148114    0.01161268    0.02884547
  11    0.00139853    0.37464709    0.01840352    0.03656048
  12    0.37464709    0.00139853    0.03656048    0.01840352
  13    0.00045423    0.02771887    0.00066883    0.00148307
  14    0.02771887    0.00045423    0.00148307    0.00066883
  15    0.01717530    0.04657969    0.00082001    0.03938271
  16    0.04657969    0.01717530    0.03938271    0.00082001
  17    0.00007937    0.00265569    0.00033563    0.00040390
  18    0.00265569    0.00007937    0.00040390    0.00033563
  19    0.00020506    0.01562096    0.00024443    0.00122417
  20    0.01562096    0.00020506    0.00122417    0.00024443

                 5             6             7             8
   1    0.04884959    0.51391876    0.02887338    0.01218300
   2    0.51391876    0.04884959    0.01218300    0.02887338
   3    0.57501612    0.04621032    0.39367811    0.00151343
   4    0.04621032    0.57501612    0.00151343    0.39367811
   5    0.00000000    0.05628532    0.02808032    0.01177651
   6    0.05628532    0.00000000    0.01177651    0.02808032
   7    0.02808032    0.01177651    0.00000000    0.00147160
   8    0.01177651    0.02808032    0.00147160    0.00000000
   9    0.38547918    0.00168099    0.00346725    0.00047236
  10    0.00168099    0.38547918    0.00047236    0.00346725
  11    0.03881402    0.01403774    0.00062641    0.00168979
  12    0.01403774    0.03881402    0.00168979    0.00062641
  13    0.01036440    0.00058296    0.00076777    0.00008137
  14    0.00058296    0.01036440    0.00008137    0.00076777
  15    0.01828237    0.00115261    0.00044760    0.00056806
  16    0.00115261    0.01828237    0.00056806    0.00044760
  17    0.00043226    0.00010589    0.00000237    0.00041464
  18    0.00010589    0.00043226    0.00041464    0.00000237
  19    0.00158926    0.00036060    0.00000550    0.00002237
  20    0.00036060    0.00158926    0.00002237    0.00000550

                 9            10            11            12
   1    0.01148114    0.03026755    0.00139853    0.37464709
   2    0.03026755    0.01148114    0.37464709    0.00139853
   3    0.02884547    0.01161268    0.01840352    0.03656048
   4    0.01161268    0.02884547    0.03656048    0.01840352
   5    0.38547918    0.00168099    0.03881402    0.01403774
   6    0.00168099    0.38547918    0.01403774    0.03881402
   7    0.00346725    0.00047236    0.00062641    0.00168979
   8    0.00047236    0.00346725    0.00168979    0.00062641
   9    0.00000000    0.00107691    0.00342424    0.00059873
  10    0.00107691    0.00000000    0.00059873    0.00342424
  11    0.00342424    0.00059873    0.00000000    0.00130360
  12    0.00059873    0.00342424    0.00130360    0.00000000
  13    0.00034669    0.00008627    0.38811335    0.00006737
  14    0.00008627    0.00034669    0.00006737    0.38811335
  15    0.00072806    0.00034795    0.79407899    0.00007634
  16    0.00034795    0.00072806    0.00007634    0.79407899
  17    0.00414439    0.00011967    0.04259024    0.00000650
  18    0.00011967    0.00414439    0.00000650    0.04259024
  19    0.00001011    0.00001023    0.04225759    0.00000836
  20    0.00001023    0.00001011    0.00000836    0.04225759

                13            14            15            16
   1    0.00045423    0.02771887    0.01717530    0.04657969
   2    0.02771887    0.00045423    0.04657969    0.01717530
   3    0.00066883    0.00148307    0.00082001    0.03938271
   4    0.00148307    0.00066883    0.03938271    0.00082001
   5    0.01036440    0.00058296    0.01828237    0.00115261
   6    0.00058296    0.01036440    0.00115261    0.01828237
   7    0.00076777    0.00008137    0.00044760    0.00056806
   8    0.00008137    0.00076777    0.00056806    0.00044760
   9    0.00034669    0.00008627    0.00072806    0.00034795
  10    0.00008627    0.00034669    0.00034795    0.00072806
  11    0.38811335    0.00006737    0.79407899    0.00007634
  12    0.00006737    0.38811335    0.00007634    0.79407899
  13    0.00000000    0.00010050    0.03359818    0.00002464
  14    0.00010050    0.00000000    0.00002464    0.03359818
  15    0.03359818    0.00002464    0.00000000    0.00906575
  16    0.00002464    0.03359818    0.00906575    0.00000000
  17    0.01739402    0.00000235    0.40339851    0.00000899
  18    0.00000235    0.01739402    0.00000899    0.40339851
  19    0.00352631    0.00000199    0.40427147    0.00000610
  20    0.00000199    0.00352631    0.00000610    0.40427147

                17            18            19            20
   1    0.00007937    0.00265569    0.00020506    0.01562096
   2    0.00265569    0.00007937    0.01562096    0.00020506
   3    0.00033563    0.00040390    0.00024443    0.00122417
   4    0.00040390    0.00033563    0.00122417    0.00024443
   5    0.00043226    0.00010589    0.00158926    0.00036060
   6    0.00010589    0.00043226    0.00036060    0.00158926
   7    0.00000237    0.00041464    0.00000550    0.00002237
   8    0.00041464    0.00000237    0.00002237    0.00000550
   9    0.00414439    0.00011967    0.00001011    0.00001023
  10    0.00011967    0.00414439    0.00001023    0.00001011
  11    0.04259024    0.00000650    0.04225759    0.00000836
  12    0.00000650    0.04259024    0.00000836    0.04225759
  13    0.01739402    0.00000235    0.00352631    0.00000199
  14    0.00000235    0.01739402    0.00000199    0.00352631
  15    0.40339851    0.00000899    0.40427147    0.00000610
  16    0.00000899    0.40339851    0.00000610    0.40427147
  17    0.00000000    0.00000149    0.01569733    0.00000320
  18    0.00000149    0.00000000    0.00000320    0.01569733
  19    0.01569733    0.00000320    0.00000000    0.00000175
  20    0.00000320    0.01569733    0.00000175    0.00000000

Vi: 20, 5
             1             2             3             4             5
    1.58380506    1.58380506    1.53498385    1.53498385    1.53995580
             6             7             8             9            10
    1.53995580    0.25692908    0.25692908    0.25790008    0.25790008
            11            12            13            14            15
    1.53045544    1.53045544    0.25730842    0.25730842    1.50193559
            16            17            18            19            20
    1.50193559    0.25610179    0.25610179    0.25746661    0.25746661
Vc: 20, 5
             1             2             3             4             5
    0.00101575    0.00101575    0.00371159    0.00371159    0.00374024
             6             7             8             9            10
    0.00374024    0.00000000    0.00000000    0.00000000    0.00000000
            11            12            13            14            15
    0.00355637    0.00355637    0.00000000    0.00000000    0.00317950
            16            17            18            19            20
    0.00317950    0.00000000    0.00000000    0.00000000    0.00000000
end Nalewajski-Mrozek analysis
timing: 0.00981s wall, 0.01000s user + 0.02000s system = 0.03000s CPU (305.8%)
memory: 67.3291 MB 

end results
timing: 0.03790s wall, 0.03000s user + 0.08000s system = 0.11000s CPU (290.2%)
memory: 67.329 MB 

end scf
timing: 10.65242s wall, 11.40000s user + 2.46000s system = 13.86000s CPU (130.1%)
memory: 67.3285 MB 

termination: normal
end niedoida
timing: 11.21471s wall, 11.93000s user + 3.12000s system = 15.05000s CPU (134.2%)
memory: 1.29391 MB 

