begin niedoida
begin input
end input
timing: 0.00096s wall, 0.00000s user + 0.00000s system = 0.00000s CPU (n/a%)
memory: 0.571182 MB 

begin job info
job name: water_mp2
job title: untitled
basis set: sto-3g
charge: 0
multiplicity: 1
theory: HF
run type: single point
length unit: bohr
energy unit: hartree
end job info
timing: 0.00005s wall, 0.00000s user + 0.00000s system = 0.00000s CPU (n/a%)
memory: 0.572525 MB 

begin parallelization info
number of processes: 1
total number of threads: 4
end parallelization info
timing: 0.00002s wall, 0.00000s user + 0.00000s system = 0.00000s CPU (n/a%)
memory: 0.57254 MB 

begin symmetry
finite_group: C2v
rank: 4
largest_abelian_subgroup: C2v
rank: 4
end symmetry
timing: 0.17369s wall, 0.27000s user + 0.18000s system = 0.45000s CPU (259.1%)
memory: 0.930527 MB 

begin basis set
element: O
no_shells: 2
type: s
exps: 3, 5
             1             2             3
  130.70932000   23.80886100    6.44360830
coeffs: 1x3, 4
                 1             2             3
   1    0.15432897    0.53532814    0.44463454

type: sp
exps: 3, 5
             1             2             3
    5.03315130    1.16959610    0.38038900
coeffs: 2x3, 4
                 1             2             3
   1   -0.09996723    0.39951283    0.70011547
   2    0.15591627    0.60768372    0.39195739

element: H
no_shells: 1
type: s
exps: 3, 5
             1             2             3
    3.42525091    0.62391373    0.16885540
coeffs: 1x3, 4
                 1             2             3
   1    0.15432897    0.53532814    0.44463454

element: H
no_shells: 1
type: s
exps: 3, 5
             1             2             3
    3.42525091    0.62391373    0.16885540
coeffs: 1x3, 4
                 1             2             3
   1    0.15432897    0.53532814    0.44463454

end basis set
timing: 0.00025s wall, 0.00000s user + 0.00000s system = 0.00000s CPU (n/a%)
memory: 0.93251 MB 

coordinates: 3x3, 4
                       x             y             z
         O   -0.00000002   -0.00000000    0.11915937
         H    0.79064920    0.00000000   -0.47663742
         H   -0.79064920    0.00000000   -0.47663742

external_charges_coords_and_charge_value: 0x4, 1
rotation_to_std_frame: 3x3, 4
                 1             2             3
   1    0.79863558   -0.60181494    0.00000000
   2    0.00000000    0.00000000    1.00000000
   3   -0.60181494   -0.79863558    0.00000000

translation_to_std_frame: 3, 5
             1             2             3
    0.07171190    0.09516490    0.00000000
begin 1-electron integrals
end 1-electron integrals
timing: 0.00554s wall, 0.00000s user + 0.01000s system = 0.01000s CPU (180.5%)
memory: 0.936005 MB 

begin promolecule
begin forming JK
incremental: 0
polarized: 1
end forming JK
timing: 0.00038s wall, 0.01000s user + 0.00000s system = 0.01000s CPU (n/a%)
memory: 65.0444 MB 

begin forming JK
incremental: 0
polarized: 1
end forming JK
timing: 0.00020s wall, 0.00000s user + 0.00000s system = 0.00000s CPU (n/a%)
memory: 65.0459 MB 

integral cache searches:     6.00000000
integral cache hit ratio:     0.33333333
begin forming JK
incremental: 0
polarized: 1
end forming JK
timing: 0.00006s wall, 0.00000s user + 0.00000s system = 0.00000s CPU (n/a%)
memory: 62.0518 MB 

begin forming JK
incremental: 0
polarized: 1
end forming JK
timing: 0.00004s wall, 0.00000s user + 0.00000s system = 0.00000s CPU (n/a%)
memory: 62.0525 MB 

integral cache searches:     1.00000000
integral cache hit ratio:     1.00000000
end promolecule
timing: 0.00245s wall, 0.01000s user + 0.00000s system = 0.01000s CPU (408.2%)
memory: 0.957596 MB 

Initial guess: will be constructed from promolecular fragments
begin scf
begin forming JK
incremental: 0
polarized: 0
end forming JK
timing: 0.00065s wall, 0.00000s user + 0.01000s system = 0.01000s CPU (n/a%)
memory: 65.0327 MB 

target_dE: 1.000000e-06
target_dPRMS: 1.000000e-08
target_dPMax: 1.000000e-06
i: 0
begin forming JK
incremental: 0
polarized: 0
end forming JK
timing: 0.00066s wall, 0.00000s user + 0.00000s system = 0.00000s CPU (n/a%)
memory: 65.036 MB 

E:   -90.21858281
dE:   -90.21858281
dPRMS:     0.01835602
dPMax:     0.41092333
i: 1
begin forming JK
incremental: 0
polarized: 0
end forming JK
timing: 0.00058s wall, 0.00000s user + 0.01000s system = 0.01000s CPU (n/a%)
memory: 65.0408 MB 

E:   -90.22839616
dE:    -0.00981335
dPRMS:     0.00325603
dPMax:     0.09536317
i: 2
begin forming JK
incremental: 1
polarized: 0
end forming JK
timing: 0.00059s wall, 0.00000s user + 0.00000s system = 0.00000s CPU (n/a%)
memory: 65.043 MB 

E:   -90.22859369
dE:    -0.00019753
dPRMS:     0.00053001
dPMax:     0.01253605
i: 3
begin forming JK
incremental: 1
polarized: 0
end forming JK
timing: 0.00055s wall, 0.00000s user + 0.00000s system = 0.00000s CPU (n/a%)
memory: 65.0459 MB 

E:   -90.22859598
dE:    -0.00000229
dPRMS:     0.00007036
dPMax:     0.00155404
i: 4
begin forming JK
incremental: 1
polarized: 0
end forming JK
timing: 0.00057s wall, 0.00000s user + 0.00000s system = 0.00000s CPU (n/a%)
memory: 65.0474 MB 

E:   -90.22859601
dE:    -0.00000002
dPRMS:     0.00000802
dPMax:     0.00016305
i: 5
begin forming JK
incremental: 1
polarized: 0
end forming JK
timing: 0.00059s wall, 0.00000s user + 0.00000s system = 0.00000s CPU (n/a%)
memory: 65.0517 MB 

E:   -90.22859601
dE:    -0.00000000
dPRMS:     0.00000185
dPMax:     0.00005029
i: 6
begin forming JK
incremental: 1
polarized: 0
end forming JK
timing: 0.00064s wall, 0.00000s user + 0.00000s system = 0.00000s CPU (n/a%)
memory: 65.0532 MB 

begin forming JK
incremental: 0
polarized: 0
end forming JK
timing: 0.00060s wall, 0.00000s user + 0.00000s system = 0.00000s CPU (n/a%)
memory: 65.0532 MB 

E:   -90.22859601
dE:    -0.00000000
dPRMS:     0.00000000
dPMax:     0.00000006
scf converged: 1
begin results
total_energy:   -73.43458792
begin Mulliken analysis
Mulliken orbital populations: 7, 5
             1             2             3             4             5
    1.99683780    1.87044086    1.38576999    2.00000000    1.93794721
             6             7
    0.40450208    0.40450207
Mulliken atomic populations: 3, 5
             1             2             3
    9.19099585    0.40450208    0.40450207
Mulliken atomic charges: 3, 5
             1             2             3
   -1.19099585    0.59549792    0.59549793
Mulliken overlap populations: 3x3, 4
                 1             2             3
   1    8.64550146    0.27274720    0.27274719
   2    0.27274720    0.29553969   -0.16378481
   3    0.27274719   -0.16378481    0.29553968

end Mulliken analysis
timing: 0.00013s wall, 0.00000s user + 0.00000s system = 0.00000s CPU (n/a%)
memory: 65.0525 MB 

begin Lowdin analysis
Lowdin orbital populations: 7, 5
             1             2             3             4             5
    1.99855281    1.26469652    1.44031016    2.00000000    1.88762161
             6             7
    0.70440945    0.70440945
Lowdin atomic populations: 3, 5
             1             2             3
    8.59118110    0.70440945    0.70440945
Lowdin atomic charges: 3, 5
             1             2             3
   -0.59118110    0.29559055    0.29559055
end Lowdin analysis
timing: 0.00013s wall, 0.00000s user + 0.00000s system = 0.00000s CPU (n/a%)
memory: 65.0525 MB 

begin Mayer analysis
bond order threshold:     0.05000000
bond orders: 2, 5
           1 2           1 3
    0.60139642    0.60139640
Vtotal: 3, 5
             1             2             3
    1.20279283    0.64538223    0.64538221
Vfree: 3, 5
             1             2             3
    0.00000000    0.00000000    0.00000000
end Mayer analysis
timing: 0.00008s wall, 0.00000s user + 0.00000s system = 0.00000s CPU (n/a%)
memory: 65.0521 MB 

begin Gopinathan-Jug analysis
bond order threshold:     0.05000000
bond orders: 2, 5
           1 2           1 3
    0.44584123    0.44584123
end Gopinathan-Jug analysis
timing: 0.00008s wall, 0.00000s user + 0.00000s system = 0.00000s CPU (n/a%)
memory: 65.0521 MB 

begin Nalewajski-Mrozek analysis
bond order threshold:     0.05000000
bond orders: 2, 5
           1 2           1 3
    1.24042844    1.24042844
Vab: 3x3, 4
                 1             2             3
   1    0.00000000    0.44584123    0.44584123
   2    0.44584123    0.00000000    0.01047188
   3    0.44584123    0.01047188    0.00000000

Vi: 3, 5
             1             2             3
    1.01624211    0.27184344    0.27184344
Vc: 3, 5
             1             2             3
    0.04172242    0.00000000    0.00000000
end Nalewajski-Mrozek analysis
timing: 0.00026s wall, 0.00000s user + 0.00000s system = 0.00000s CPU (n/a%)
memory: 65.0521 MB 

end results
timing: 0.00079s wall, 0.00000s user + 0.00000s system = 0.00000s CPU (n/a%)
memory: 65.052 MB 

end scf
timing: 0.02279s wall, 0.02000s user + 0.04000s system = 0.06000s CPU (263.2%)
memory: 65.0515 MB 

no_passes: 1
begin pass
pass: 0
first: 0
last: 5
end pass
timing: 0.00114s wall, 0.00000s user + 0.00000s system = 0.00000s CPU (n/a%)
memory: 144.929 MB 

mp2_energy_correction:    -0.01178531
total_mp2_energy:   -73.44637324
termination: normal
end niedoida
timing: 0.29556s wall, 0.35000s user + 0.28000s system = 0.63000s CPU (213.2%)
memory: 0.965607 MB 

